<?xml version="1.0" encoding="UTF-8"?>
<!-- Generated by org.testng.reporters.JUnitReportReporter -->
<testsuite hostname="DESKTOP-BKBOD59" failures="0" tests="1" name="com.inetbanking.testCases.EditCustomerTest_004" time="3.009" errors="0" timestamp="2022-03-04T14:39:51 PST" skipped="0">
  <testcase classname="com.inetbanking.testCases.EditCustomerTest_004" name="editCustomerTest" time="3.009"/>
  <system-out/>
</testsuite> <!-- com.inetbanking.testCases.EditCustomerTest_004 -->
